2026-02-05 22:41:06 [INFO] Iniciando migración: agregando columna 'valido' a 'aceptaciones'
2026-02-05 22:41:06 [ERROR] Error en migración de esquema: no such table: aceptaciones
2026-02-05 22:41:06 [INFO] Columna documento_norm creada. Iniciando backfill...
2026-02-05 22:41:06 [INFO] Backfill de documento_norm completado: 0 registros actualizados.
2026-02-06 18:18:12 [INFO] Iniciando migración: agregando columna 'valido' a 'aceptaciones'
2026-02-06 18:18:12 [INFO] Migración aplicada: columna valido agregada
2026-02-06 18:18:12 [INFO] Iniciando migración: agregando columna 'deslinde_version' a 'aceptaciones'
2026-02-06 18:18:12 [INFO] Migración aplicada: columna deslinde_version agregada
2026-02-06 18:18:12 [INFO] Migración: agregando columna 'estado'
2026-02-06 18:18:12 [INFO] Migración: agregando columna 'fecha_anulacion'
2026-02-06 18:18:12 [INFO] Migración: agregando columna 'motivo_anulacion'
2026-02-06 18:18:12 [INFO] Migración: agregando columna 'usuario_anulacion'
2026-02-06 18:18:12 [INFO] Iniciando migración: agregando columnas de anulación a 'aceptaciones'
2026-02-06 18:18:12 [INFO] Migración aplicada: columnas de anulación agregadas
2026-02-06 18:26:31 [ERROR] Error mostrando formulario evento 1: Traceback (most recent call last):
  File "/var/www/encarreraok/main.py", line 3852, in mostrar_formulario
    html = template.render(
           ^^^^^^^^^^^^^^^^
  File "/var/www/encarreraok/venv/lib/python3.12/site-packages/jinja2/environment.py", line 1295, in render
    self.environment.handle_exception()
  File "/var/www/encarreraok/venv/lib/python3.12/site-packages/jinja2/environment.py", line 942, in handle_exception
    raise rewrite_traceback_stack(source=source)
  File "<template>", line 693, in top-level template code
  File "/var/www/encarreraok/venv/lib/python3.12/site-packages/jinja2/environment.py", line 490, in getattr
    return getattr(obj, attribute)
           ^^^^^^^^^^^^^^^^^^^^^^^
jinja2.exceptions.UndefinedError: 'aceptacion' is undefined

2026-02-06 18:27:07 [ERROR] Error mostrando formulario evento 1: Traceback (most recent call last):
  File "/var/www/encarreraok/main.py", line 3852, in mostrar_formulario
    html = template.render(
           ^^^^^^^^^^^^^^^^
  File "/var/www/encarreraok/venv/lib/python3.12/site-packages/jinja2/environment.py", line 1295, in render
    self.environment.handle_exception()
  File "/var/www/encarreraok/venv/lib/python3.12/site-packages/jinja2/environment.py", line 942, in handle_exception
    raise rewrite_traceback_stack(source=source)
  File "<template>", line 693, in top-level template code
  File "/var/www/encarreraok/venv/lib/python3.12/site-packages/jinja2/environment.py", line 490, in getattr
    return getattr(obj, attribute)
           ^^^^^^^^^^^^^^^^^^^^^^^
jinja2.exceptions.UndefinedError: 'aceptacion' is undefined

